/*C316*/SET SCHEMA PUBLIC
DISCONNECT
/*C317*/SET SCHEMA PUBLIC
DISCONNECT
/*C319*/SET SCHEMA PUBLIC
DISCONNECT
/*C320*/SET SCHEMA PUBLIC
DISCONNECT
/*C321*/SET SCHEMA PUBLIC
DISCONNECT
/*C323*/SET SCHEMA PUBLIC
DISCONNECT
/*C324*/SET SCHEMA PUBLIC
DISCONNECT
/*C325*/SET SCHEMA PUBLIC
DISCONNECT
/*C322*/SET SCHEMA PUBLIC
DISCONNECT
/*C326*/SET SCHEMA PUBLIC
DISCONNECT
/*C327*/SET SCHEMA PUBLIC
DISCONNECT
/*C329*/SET SCHEMA PUBLIC
DISCONNECT
/*C330*/SET SCHEMA PUBLIC
DISCONNECT
/*C331*/SET SCHEMA PUBLIC
DISCONNECT
/*C332*/SET SCHEMA PUBLIC
INSERT INTO ACCOUNT_SMOKEEVENT VALUES(0,'AMEER',4,'2 Joints','Plz work for christs sake','2013-09-13 12:00:00.000000')
COMMIT
INSERT INTO ACCOUNT_SMOKEEVENT VALUES(1,'AMEER',4,'2 Joints','qweq','2013-09-13 12:00:00.000000')
COMMIT
DISCONNECT
/*C333*/SET SCHEMA PUBLIC
DISCONNECT
/*C334*/SET SCHEMA PUBLIC
DISCONNECT
/*C335*/SET SCHEMA PUBLIC
DISCONNECT
/*C336*/SET SCHEMA PUBLIC
DISCONNECT
/*C337*/SET SCHEMA PUBLIC
DISCONNECT
/*C338*/SET SCHEMA PUBLIC
INSERT INTO ACCOUNT_SMOKEEVENT VALUES(2,'AMEER',4,'2 Joints','Smoked 2 joints after a good run the day before. Had no compulsive urges in the day but thought I''d smoke anyway','2013-01-13 13:00:00.000000')
COMMIT
INSERT INTO ACCOUNT_SMOKEEVENT VALUES(3,'AMEER',4,'2 Joints','Smoked 2 joints after a good run the day before. Had no compulsive urges in the day but thought I''d smoke anyway','2013-01-13 13:00:00.000000')
COMMIT
DISCONNECT
/*C340*/SET SCHEMA PUBLIC
DISCONNECT
/*C341*/SET SCHEMA PUBLIC
INSERT INTO ACCOUNT_SMOKEEVENT VALUES(4,'AMEER',4,'2 Joints','Smoked 2 joints after a good run the day before. Had no compulsive urges in the day but thought I''d smoke anyway','2013-09-13 12:00:00.000000')
COMMIT
DISCONNECT
/*C342*/SET SCHEMA PUBLIC
DISCONNECT
/*C343*/SET SCHEMA PUBLIC
INSERT INTO ACCOUNT_SMOKEEVENT VALUES(5,'AMEER',4,'2 Joints','Smoked 2 joints after a good run the day before. Had no compulsive urges in the day but thought I''d smoke anyway','2013-09-13 12:00:00.000000')
COMMIT
DISCONNECT
/*C344*/SET SCHEMA PUBLIC
DISCONNECT
/*C345*/SET SCHEMA PUBLIC
DISCONNECT
/*C346*/SET SCHEMA PUBLIC
DISCONNECT
/*C347*/SET SCHEMA PUBLIC
INSERT INTO ACCOUNT_SMOKEEVENT VALUES(6,'AMEER',4,'2 Joints','Smoked 2 joints after a good run the day before. Had no compulsive urges in the day but thought I''d smoke anyway','2013-09-13 12:33:00.000000')
COMMIT
/*C339*/SET SCHEMA PUBLIC
DELETE FROM ACCOUNT_SMOKEEVENT WHERE ID=0
COMMIT
DELETE FROM ACCOUNT_SMOKEEVENT WHERE ID=1
COMMIT
DELETE FROM ACCOUNT_SMOKEEVENT WHERE ID=2
COMMIT
DELETE FROM ACCOUNT_SMOKEEVENT WHERE ID=3
COMMIT
DELETE FROM ACCOUNT_SMOKEEVENT WHERE ID=4
DELETE FROM ACCOUNT_SMOKEEVENT WHERE ID=5
COMMIT
/*C347*/INSERT INTO ACCOUNT_SMOKEEVENT VALUES(7,'AMEER',4,'2 Joints','Smoked 2 joints after a good run the day before. Had no compulsive urges in the day but thought I''d smoke anyway','2013-09-13 12:33:00.000000')
COMMIT
DISCONNECT
/*C348*/SET SCHEMA PUBLIC
DISCONNECT
/*C349*/SET SCHEMA PUBLIC
DISCONNECT
/*C350*/SET SCHEMA PUBLIC
DISCONNECT
/*C351*/SET SCHEMA PUBLIC
DISCONNECT
/*C352*/SET SCHEMA PUBLIC
DISCONNECT
/*C353*/SET SCHEMA PUBLIC
DISCONNECT
/*C354*/SET SCHEMA PUBLIC
DISCONNECT
/*C355*/SET SCHEMA PUBLIC
DISCONNECT
/*C356*/SET SCHEMA PUBLIC
DISCONNECT
/*C357*/SET SCHEMA PUBLIC
DISCONNECT
/*C358*/SET SCHEMA PUBLIC
DISCONNECT
/*C359*/SET SCHEMA PUBLIC
DISCONNECT
/*C360*/SET SCHEMA PUBLIC
DISCONNECT
/*C361*/SET SCHEMA PUBLIC
DISCONNECT
/*C362*/SET SCHEMA PUBLIC
DISCONNECT
/*C363*/SET SCHEMA PUBLIC
DISCONNECT
/*C364*/SET SCHEMA PUBLIC
DISCONNECT
/*C365*/SET SCHEMA PUBLIC
DISCONNECT
/*C366*/SET SCHEMA PUBLIC
DISCONNECT
/*C367*/SET SCHEMA PUBLIC
DISCONNECT
/*C368*/SET SCHEMA PUBLIC
DISCONNECT
/*C369*/SET SCHEMA PUBLIC
DISCONNECT
/*C370*/SET SCHEMA PUBLIC
DISCONNECT
/*C371*/SET SCHEMA PUBLIC
DISCONNECT
/*C372*/SET SCHEMA PUBLIC
DISCONNECT
/*C374*/SET SCHEMA PUBLIC
INSERT INTO ACCOUNT_SMOKEEVENT VALUES(8,'AMEER',4,'1 Joint','Smoked a joint with ravi in the park. Shit weed, was not worth a joint','2013-09-11 17:00:00.000000')
COMMIT
INSERT INTO ACCOUNT_SMOKEEVENT VALUES(9,'AMEER',2,'1 hit from Vaporiser','We vaped that same day as well. Much better since we didn''t inhale tobacco smoke!','2013-09-11 20:00:00.000000')
COMMIT
DISCONNECT
/*C373*/SET SCHEMA PUBLIC
DISCONNECT
/*C375*/SET SCHEMA PUBLIC
DISCONNECT
/*C376*/SET SCHEMA PUBLIC
DISCONNECT
/*C377*/SET SCHEMA PUBLIC
DISCONNECT
/*C378*/SET SCHEMA PUBLIC
DISCONNECT
/*C379*/SET SCHEMA PUBLIC
DISCONNECT
